<?xml version="1.0" encoding="UTF-8"?>
<!-- Generated by org.testng.reporters.JUnitXMLReporter -->
<testsuite ignored="0" hostname="LAPTOP-BNEF5TES" failures="0" tests="5" name="Test" time="190.717" errors="0" timestamp="2022-11-30T22:47:39 IST">
  <testcase classname="testScripts.TestCase1" name="tc1" time="43.635"/>
  <testcase classname="testScripts.TestCase2" name="tc2" time="40.687"/>
  <testcase classname="testScripts.TestCase3" name="tc3" time="23.808"/>
  <testcase classname="testScripts.TestCase4" name="tc4" time="22.987"/>
  <testcase classname="testScripts.TestCase5" name="tc5" time="8.985"/>
</testsuite> <!-- Test -->
