<?xml version="1.0" encoding="UTF-8"?>
<testng-results ignored="0" total="3" passed="3" failed="0" skipped="0">
  <reporter-output>
  </reporter-output>
  <suite started-at="2022-11-30T17:54:19 IST" name="Suite" finished-at="2022-11-30T17:56:12 IST" duration-ms="113943">
    <groups>
    </groups>
    <test started-at="2022-11-30T17:54:19 IST" name="Test" finished-at="2022-11-30T17:56:12 IST" duration-ms="113943">
      <class name="testScripts.TestCase2">
        <test-method is-config="true" signature="openApp()[pri:0, instance:testScripts.TestCase2@6c80d78a]" started-at="2022-11-30T17:55:09 IST" name="openApp" finished-at="2022-11-30T17:55:16 IST" duration-ms="7264" status="PASS">
          <reporter-output>
          </reporter-output>
        </test-method> <!-- openApp -->
        <test-method signature="tc2()[pri:0, instance:testScripts.TestCase2@6c80d78a]" started-at="2022-11-30T17:55:16 IST" name="tc2" finished-at="2022-11-30T17:55:43 IST" duration-ms="27432" status="PASS">
          <reporter-output>
          </reporter-output>
        </test-method> <!-- tc2 -->
        <test-method is-config="true" signature="closeApp(org.testng.ITestResult)[pri:0, instance:testScripts.TestCase2@6c80d78a]" started-at="2022-11-30T17:55:43 IST" name="closeApp" finished-at="2022-11-30T17:55:44 IST" duration-ms="546" status="PASS">
          <params>
            <param index="0">
              <value>
                <![CDATA[[TestResult name=tc2 status=SUCCESS method=TestCase2.tc2()[pri:0, instance:testScripts.TestCase2@6c80d78a] output={null}]]]>
              </value>
            </param>
          </params>
          <reporter-output>
          </reporter-output>
        </test-method> <!-- closeApp -->
      </class> <!-- testScripts.TestCase2 -->
      <class name="testScripts.TestCase3">
        <test-method is-config="true" signature="openApp()[pri:0, instance:testScripts.TestCase3@62150f9e]" started-at="2022-11-30T17:55:44 IST" name="openApp" finished-at="2022-11-30T17:55:50 IST" duration-ms="5788" status="PASS">
          <reporter-output>
          </reporter-output>
        </test-method> <!-- openApp -->
        <test-method signature="tc3()[pri:0, instance:testScripts.TestCase3@62150f9e]" started-at="2022-11-30T17:55:50 IST" name="tc3" finished-at="2022-11-30T17:56:12 IST" duration-ms="22373" status="PASS">
          <reporter-output>
          </reporter-output>
        </test-method> <!-- tc3 -->
        <test-method is-config="true" signature="closeApp(org.testng.ITestResult)[pri:0, instance:testScripts.TestCase3@62150f9e]" started-at="2022-11-30T17:56:12 IST" name="closeApp" finished-at="2022-11-30T17:56:12 IST" duration-ms="474" status="PASS">
          <params>
            <param index="0">
              <value>
                <![CDATA[[TestResult name=tc3 status=SUCCESS method=TestCase3.tc3()[pri:0, instance:testScripts.TestCase3@62150f9e] output={null}]]]>
              </value>
            </param>
          </params>
          <reporter-output>
          </reporter-output>
        </test-method> <!-- closeApp -->
      </class> <!-- testScripts.TestCase3 -->
      <class name="testScripts.TestCase1">
        <test-method is-config="true" signature="openApp()[pri:0, instance:testScripts.TestCase1@2c767a52]" started-at="2022-11-30T17:54:19 IST" name="openApp" finished-at="2022-11-30T17:54:32 IST" duration-ms="13182" status="PASS">
          <reporter-output>
          </reporter-output>
        </test-method> <!-- openApp -->
        <test-method signature="tc1()[pri:0, instance:testScripts.TestCase1@2c767a52]" started-at="2022-11-30T17:54:32 IST" name="tc1" finished-at="2022-11-30T17:55:08 IST" duration-ms="36269" status="PASS">
          <reporter-output>
          </reporter-output>
        </test-method> <!-- tc1 -->
        <test-method is-config="true" signature="closeApp(org.testng.ITestResult)[pri:0, instance:testScripts.TestCase1@2c767a52]" started-at="2022-11-30T17:55:08 IST" name="closeApp" finished-at="2022-11-30T17:55:09 IST" duration-ms="531" status="PASS">
          <params>
            <param index="0">
              <value>
                <![CDATA[[TestResult name=tc1 status=SUCCESS method=TestCase1.tc1()[pri:0, instance:testScripts.TestCase1@2c767a52] output={null}]]]>
              </value>
            </param>
          </params>
          <reporter-output>
          </reporter-output>
        </test-method> <!-- closeApp -->
      </class> <!-- testScripts.TestCase1 -->
    </test> <!-- Test -->
  </suite> <!-- Suite -->
</testng-results>
